# JRE version: OpenJDK Runtime Environment (11.0.10) (build 11.0.10+0-b96-7249189)
# Java VM: OpenJDK 64-Bit Server VM (11.0.10+0-b96-7249189, mixed mode, tiered, compressed oops, g1 gc, windows-amd64)
Heap:
 garbage-first heap   total 155648K, used 92781K [0x0000000080000000, 0x0000000100000000)
  region size 1024K, 12 young (12288K), 2 survivors (2048K)
 Metaspace       used 89862K, capacity 91928K, committed 92024K, reserved 1128448K
  class space    used 11443K, capacity 12175K, committed 12236K, reserved 1048576K
GC Heap History (20 events):
Event: 25.698 GC heap before
{Heap before GC invocations=14 (full 0):
 garbage-first heap   total 155648K, used 101966K [0x0000000080000000, 0x0000000100000000)
  region size 1024K, 59 young (60416K), 6 survivors (6144K)
 Metaspace       used 66695K, capacity 68281K, committed 68396K, reserved 1107968K
  class space    used 8428K, capacity 9001K, committed 9036K, reserved 1048576K
}
Event: 25.716 GC heap after
{Heap after GC invocations=15 (full 0):
 garbage-first heap   total 155648K, used 52908K [0x0000000080000000, 0x0000000100000000)
  region size 1024K, 5 young (5120K), 5 survivors (5120K)
 Metaspace       used 66695K, capacity 68281K, committed 68396K, reserved 1107968K
  class space    used 8428K, capacity 9001K, committed 9036K, reserved 1048576K
}
Event: 27.701 GC heap before
{Heap before GC invocations=16 (full 0):
 garbage-first heap   total 155648K, used 117420K [0x0000000080000000, 0x0000000100000000)
  region size 1024K, 68 young (69632K), 5 survivors (5120K)
 Metaspace       used 73869K, capacity 75617K, committed 75768K, reserved 1114112K
  class space    used 9599K, capacity 10233K, committed 10316K, reserved 1048576K
}
Event: 27.714 GC heap after
{Heap after GC invocations=17 (full 0):
 garbage-first heap   total 155648K, used 56348K [0x0000000080000000, 0x0000000100000000)
  region size 1024K, 8 young (8192K), 8 survivors (8192K)
 Metaspace       used 73869K, capacity 75617K, committed 75768K, reserved 1114112K
  class space    used 9599K, capacity 10233K, committed 10316K, reserved 1048576K
}
Event: 29.541 GC heap before
{Heap before GC invocations=18 (full 0):
 garbage-first heap   total 155648K, used 119836K [0x0000000080000000, 0x0000000100000000)
  region size 1024K, 71 young (72704K), 8 survivors (8192K)
 Metaspace       used 80698K, capacity 82587K, committed 82808K, reserved 1120256K
  class space    used 10440K, capacity 11119K, committed 11212K, reserved 1048576K
}
Event: 29.567 GC heap after
{Heap after GC invocations=19 (full 0):
 garbage-first heap   total 155648K, used 62223K [0x0000000080000000, 0x0000000100000000)
  region size 1024K, 9 young (9216K), 9 survivors (9216K)
 Metaspace       used 80698K, capacity 82587K, committed 82808K, reserved 1120256K
  class space    used 10440K, capacity 11119K, committed 11212K, reserved 1048576K
}
Event: 32.665 GC heap before
{Heap before GC invocations=19 (full 0):
 garbage-first heap   total 155648K, used 124687K [0x0000000080000000, 0x0000000100000000)
  region size 1024K, 68 young (69632K), 9 survivors (9216K)
 Metaspace       used 82559K, capacity 84615K, committed 84856K, reserved 1122304K
  class space    used 10661K, capacity 11390K, committed 11468K, reserved 1048576K
}
Event: 32.693 GC heap after
{Heap after GC invocations=20 (full 0):
 garbage-first heap   total 155648K, used 70656K [0x0000000080000000, 0x0000000100000000)
  region size 1024K, 6 young (6144K), 6 survivors (6144K)
 Metaspace       used 82559K, capacity 84615K, committed 84856K, reserved 1122304K
  class space    used 10661K, capacity 11390K, committed 11468K, reserved 1048576K
}
Event: 33.543 GC heap before
{Heap before GC invocations=20 (full 0):
 garbage-first heap   total 155648K, used 109568K [0x0000000080000000, 0x0000000100000000)
  region size 1024K, 42 young (43008K), 6 survivors (6144K)
 Metaspace       used 83576K, capacity 85629K, committed 85752K, reserved 1124352K
  class space    used 10764K, capacity 11494K, committed 11596K, reserved 1048576K
}
Event: 33.571 GC heap after
{Heap after GC invocations=21 (full 0):
 garbage-first heap   total 155648K, used 86016K [0x0000000080000000, 0x0000000100000000)
  region size 1024K, 8 young (8192K), 8 survivors (8192K)
 Metaspace       used 83576K, capacity 85629K, committed 85752K, reserved 1124352K
  class space    used 10764K, capacity 11494K, committed 11596K, reserved 1048576K
}
Event: 35.159 GC heap before
{Heap before GC invocations=22 (full 0):
 garbage-first heap   total 155648K, used 130048K [0x0000000080000000, 0x0000000100000000)
  region size 1024K, 40 young (40960K), 8 survivors (8192K)
 Metaspace       used 85555K, capacity 87609K, committed 87672K, reserved 1126400K
  class space    used 10953K, capacity 11706K, committed 11724K, reserved 1048576K
}
Event: 35.184 GC heap after
{Heap after GC invocations=23 (full 0):
 garbage-first heap   total 155648K, used 87421K [0x0000000080000000, 0x0000000100000000)
  region size 1024K, 3 young (3072K), 3 survivors (3072K)
 Metaspace       used 85555K, capacity 87609K, committed 87672K, reserved 1126400K
  class space    used 10953K, capacity 11706K, committed 11724K, reserved 1048576K
}
Event: 36.588 GC heap before
{Heap before GC invocations=23 (full 0):
 garbage-first heap   total 155648K, used 119165K [0x0000000080000000, 0x0000000100000000)
  region size 1024K, 35 young (35840K), 3 survivors (3072K)
 Metaspace       used 86677K, capacity 88742K, committed 88824K, reserved 1126400K
  class space    used 11070K, capacity 11823K, committed 11852K, reserved 1048576K
}
Event: 36.600 GC heap after
{Heap after GC invocations=24 (full 0):
 garbage-first heap   total 155648K, used 88920K [0x0000000080000000, 0x0000000100000000)
  region size 1024K, 4 young (4096K), 4 survivors (4096K)
 Metaspace       used 86677K, capacity 88742K, committed 88824K, reserved 1126400K
  class space    used 11070K, capacity 11823K, committed 11852K, reserved 1048576K
}
Event: 36.907 GC heap before
{Heap before GC invocations=25 (full 0):
 garbage-first heap   total 155648K, used 119640K [0x0000000080000000, 0x0000000100000000)
  region size 1024K, 37 young (37888K), 4 survivors (4096K)
 Metaspace       used 87510K, capacity 89576K, committed 89720K, reserved 1126400K
  class space    used 11147K, capacity 11908K, committed 11980K, reserved 1048576K
}
Event: 36.916 GC heap after
{Heap after GC invocations=26 (full 0):
 garbage-first heap   total 155648K, used 88470K [0x0000000080000000, 0x0000000100000000)
  region size 1024K, 4 young (4096K), 4 survivors (4096K)
 Metaspace       used 87510K, capacity 89576K, committed 89720K, reserved 1126400K
  class space    used 11147K, capacity 11908K, committed 11980K, reserved 1048576K
}
Event: 36.928 GC heap before
{Heap before GC invocations=26 (full 0):
 garbage-first heap   total 155648K, used 91542K [0x0000000080000000, 0x0000000100000000)
  region size 1024K, 7 young (7168K), 4 survivors (4096K)
 Metaspace       used 87560K, capacity 89640K, committed 89976K, reserved 1128448K
  class space    used 11154K, capacity 11908K, committed 11980K, reserved 1048576K
}
Event: 36.937 GC heap after
{Heap after GC invocations=27 (full 0):
 garbage-first heap   total 155648K, used 84067K [0x0000000080000000, 0x0000000100000000)
  region size 1024K, 1 young (1024K), 1 survivors (1024K)
 Metaspace       used 87560K, capacity 89640K, committed 89976K, reserved 1128448K
  class space    used 11154K, capacity 11908K, committed 11980K, reserved 1048576K
}
Event: 37.729 GC heap before
{Heap before GC invocations=27 (full 0):
 garbage-first heap   total 155648K, used 119907K [0x0000000080000000, 0x0000000100000000)
  region size 1024K, 37 young (37888K), 1 survivors (1024K)
 Metaspace       used 89380K, capacity 91509K, committed 91768K, reserved 1128448K
  class space    used 11385K, capacity 12143K, committed 12236K, reserved 1048576K
}
Event: 37.736 GC heap after
{Heap after GC invocations=28 (full 0):
 garbage-first heap   total 155648K, used 84589K [0x0000000080000000, 0x0000000100000000)
  region size 1024K, 2 young (2048K), 2 survivors (2048K)
 Metaspace       used 89380K, capacity 91509K, committed 91768K, reserved 1128448K
  class space    used 11385K, capacity 12143K, committed 12236K, reserved 1048576K
}

